
> frontend@0.1.0 start
> react-scripts start

Attempting to bind to HOST environment variable: 0.0.0.0
If this was unintentional, check that you haven't mistakenly set it in your shell.
Learn more here: https://cra.link/advanced-config

(node:11850) [DEP_WEBPACK_DEV_SERVER_ON_AFTER_SETUP_MIDDLEWARE] DeprecationWarning: 'onAfterSetupMiddleware' option is deprecated. Please use the 'setupMiddlewares' option.
(Use `node --trace-deprecation ...` to show where the warning was created)
(node:11850) [DEP_WEBPACK_DEV_SERVER_ON_BEFORE_SETUP_MIDDLEWARE] DeprecationWarning: 'onBeforeSetupMiddleware' option is deprecated. Please use the 'setupMiddlewares' option.
Starting the development server...

Failed to compile.

[eslint] 
src/components/admin/AdminQuizzes.jsx
  Line 413:28:  'FilterOutlined' is not defined  react/jsx-no-undef
  Line 425:28:  'FilterOutlined' is not defined  react/jsx-no-undef

Search for the keywords to learn more about each error.
WARNING in [eslint] 
src/components/admin/AdminQuizzes.jsx
  Line 9:3:     'EyeOutlined' is defined but never used          no-unused-vars
  Line 11:3:    'ClockCircleOutlined' is defined but never used  no-unused-vars
  Line 123:9:   'handleView' is assigned a value but never used  no-unused-vars
  Line 191:15:  'response' is assigned a value but never used    no-unused-vars
  Line 196:15:  'response' is assigned a value but never used    no-unused-vars
  Line 244:9:   'formatTime' is assigned a value but never used  no-unused-vars

ERROR in [eslint] 
src/components/admin/AdminQuizzes.jsx
  Line 413:28:  'FilterOutlined' is not defined  react/jsx-no-undef
  Line 425:28:  'FilterOutlined' is not defined  react/jsx-no-undef

Search for the keywords to learn more about each error.

webpack compiled with 1 error and 1 warning
Compiling...
Compiled with warnings.

[eslint] 
src/components/admin/AdminQuizzes.jsx
  Line 11:3:  'FilterOutlined' is defined but never used  no-unused-vars

Search for the keywords to learn more about each warning.
To ignore, add // eslint-disable-next-line to the line before.

WARNING in [eslint] 
src/components/admin/AdminQuizzes.jsx
  Line 11:3:  'FilterOutlined' is defined but never used  no-unused-vars

webpack compiled with 1 warning
Compiling...
Compiled with warnings.

[eslint] 
src/components/admin/AdminQuizzes.jsx
  Line 11:3:  'FilterOutlined' is defined but never used  no-unused-vars

src/components/admin/AdminVideos.jsx
  Line 10:3:  'FilterOutlined' is defined but never used  no-unused-vars

Search for the keywords to learn more about each warning.
To ignore, add // eslint-disable-next-line to the line before.

WARNING in [eslint] 
src/components/admin/AdminQuizzes.jsx
  Line 11:3:  'FilterOutlined' is defined but never used  no-unused-vars

src/components/admin/AdminVideos.jsx
  Line 10:3:  'FilterOutlined' is defined but never used  no-unused-vars

webpack compiled with 1 warning
Compiling...
Compiled with warnings.

[eslint] 
src/components/admin/AdminQuizzes.jsx
  Line 11:3:  'FilterOutlined' is defined but never used  no-unused-vars

src/components/admin/AdminVideos.jsx
  Line 10:3:  'FilterOutlined' is defined but never used  no-unused-vars

Search for the keywords to learn more about each warning.
To ignore, add // eslint-disable-next-line to the line before.

WARNING in [eslint] 
src/components/admin/AdminQuizzes.jsx
  Line 11:3:  'FilterOutlined' is defined but never used  no-unused-vars

src/components/admin/AdminVideos.jsx
  Line 10:3:  'FilterOutlined' is defined but never used  no-unused-vars

webpack compiled with 1 warning
Compiling...
Compiled with warnings.

[eslint] 
src/components/admin/AdminQuizzes.jsx
  Line 11:3:  'FilterOutlined' is defined but never used  no-unused-vars

src/components/admin/AdminVideos.jsx
  Line 10:3:  'FilterOutlined' is defined but never used  no-unused-vars

Search for the keywords to learn more about each warning.
To ignore, add // eslint-disable-next-line to the line before.

WARNING in [eslint] 
src/components/admin/AdminQuizzes.jsx
  Line 11:3:  'FilterOutlined' is defined but never used  no-unused-vars

src/components/admin/AdminVideos.jsx
  Line 10:3:  'FilterOutlined' is defined but never used  no-unused-vars

webpack compiled with 1 warning
Compiling...
Compiled with warnings.

[eslint] 
src/components/admin/AdminQuizzes.jsx
  Line 11:3:  'FilterOutlined' is defined but never used  no-unused-vars

src/components/admin/AdminVideos.jsx
  Line 10:3:  'FilterOutlined' is defined but never used  no-unused-vars

Search for the keywords to learn more about each warning.
To ignore, add // eslint-disable-next-line to the line before.

WARNING in [eslint] 
src/components/admin/AdminQuizzes.jsx
  Line 11:3:  'FilterOutlined' is defined but never used  no-unused-vars

src/components/admin/AdminVideos.jsx
  Line 10:3:  'FilterOutlined' is defined but never used  no-unused-vars

webpack compiled with 1 warning
